<?xml version="1.0" encoding="UTF-8"?>
<!-- Generated by org.testng.reporters.JUnitXMLReporter -->
<testsuite hostname="Admins-MBP" failures="0" tests="3" name="Testing" time="17.098" errors="0" timestamp="16 May 2021 11:25:29 GMT">
  <testcase classname="org.mindbenders.makemytrip.MakeMyTrip" name="@BeforeTest loginAdnVerify" time="0.0">
    <failure type="org.openqa.selenium.NoSuchElementException" message="no such element: Unable to locate element: {&amp;quot;method&amp;quot;:&amp;quot;css selector&amp;quot;,&amp;quot;selector&amp;quot;:&amp;quot;[data-cy=&amp;apos;modalClose&amp;apos;]&amp;quot;}
  (Session info: chrome=90.0.4430.212)
For documentation on this error, please visit: https://www.seleniumhq.org/exceptions/no_such_element.html
Build info: version: &amp;apos;3.141.59&amp;apos;, revision: &amp;apos;e82be7d358&amp;apos;, time: &amp;apos;2018-11-14T08:17:03&amp;apos;
System info: host: &amp;apos;Admins-MBP&amp;apos;, ip: &amp;apos;fd01:0:0:0:46d:1118:776f:29e3%en0&amp;apos;, os.name: &amp;apos;Mac OS X&amp;apos;, os.arch: &amp;apos;x86_64&amp;apos;, os.version: &amp;apos;10.16&amp;apos;, java.version: &amp;apos;15.0.2&amp;apos;
Driver info: org.openqa.selenium.chrome.ChromeDriver
Capabilities {acceptInsecureCerts: false, browserName: chrome, browserVersion: 90.0.4430.212, chrome: {chromedriverVersion: 90.0.4430.24 (4c6d850f087da..., userDataDir: /var/folders/cl/239bmj4s4rn...}, goog:chromeOptions: {debuggerAddress: localhost:54781}, javascriptEnabled: true, networkConnectionEnabled: false, pageLoadStrategy: normal, platform: MAC, platformName: MAC, proxy: Proxy(), setWindowRect: true, strictFileInteractability: false, timeouts: {implicit: 0, pageLoad: 300000, script: 30000}, unhandledPromptBehavior: dismiss and notify, webauthn:extension:largeBlob: true, webauthn:virtualAuthenticators: true}
Session ID: 21fb02963d0edcbb1d6c8d3b6b48f902
*** Element info: {Using=css selector, value=[data-cy=&amp;apos;modalClose&amp;apos;]}">
      <![CDATA[org.openqa.selenium.NoSuchElementException: no such element: Unable to locate element: {"method":"css selector","selector":"[data-cy='modalClose']"}
  (Session info: chrome=90.0.4430.212)
For documentation on this error, please visit: https://www.seleniumhq.org/exceptions/no_such_element.html
Build info: version: '3.141.59', revision: 'e82be7d358', time: '2018-11-14T08:17:03'
System info: host: 'Admins-MBP', ip: 'fd01:0:0:0:46d:1118:776f:29e3%en0', os.name: 'Mac OS X', os.arch: 'x86_64', os.version: '10.16', java.version: '15.0.2'
Driver info: org.openqa.selenium.chrome.ChromeDriver
Capabilities {acceptInsecureCerts: false, browserName: chrome, browserVersion: 90.0.4430.212, chrome: {chromedriverVersion: 90.0.4430.24 (4c6d850f087da..., userDataDir: /var/folders/cl/239bmj4s4rn...}, goog:chromeOptions: {debuggerAddress: localhost:54781}, javascriptEnabled: true, networkConnectionEnabled: false, pageLoadStrategy: normal, platform: MAC, platformName: MAC, proxy: Proxy(), setWindowRect: true, strictFileInteractability: false, timeouts: {implicit: 0, pageLoad: 300000, script: 30000}, unhandledPromptBehavior: dismiss and notify, webauthn:extension:largeBlob: true, webauthn:virtualAuthenticators: true}
Session ID: 21fb02963d0edcbb1d6c8d3b6b48f902
*** Element info: {Using=css selector, value=[data-cy='modalClose']}
	at org.openqa.selenium.remote.http.W3CHttpResponseCodec.createException(W3CHttpResponseCodec.java:187)
	at org.openqa.selenium.remote.http.W3CHttpResponseCodec.decode(W3CHttpResponseCodec.java:122)
	at org.openqa.selenium.remote.http.W3CHttpResponseCodec.decode(W3CHttpResponseCodec.java:49)
	at org.openqa.selenium.remote.HttpCommandExecutor.execute(HttpCommandExecutor.java:158)
	at org.openqa.selenium.remote.service.DriverCommandExecutor.execute(DriverCommandExecutor.java:83)
	at org.openqa.selenium.remote.RemoteWebDriver.execute(RemoteWebDriver.java:552)
	at org.openqa.selenium.remote.RemoteWebDriver.findElement(RemoteWebDriver.java:323)
	at org.openqa.selenium.remote.RemoteWebDriver.findElementByCssSelector(RemoteWebDriver.java:420)
	at org.openqa.selenium.By$ByCssSelector.findElement(By.java:431)
	at org.openqa.selenium.remote.RemoteWebDriver.findElement(RemoteWebDriver.java:315)
	at org.openqa.selenium.support.events.EventFiringWebDriver.lambda$new$1(EventFiringWebDriver.java:105)
	at com.sun.proxy.$Proxy11.findElement(Unknown Source)
	at org.openqa.selenium.support.events.EventFiringWebDriver.findElement(EventFiringWebDriver.java:194)
	at org.mindbenders.makemytrip.base.TestBase.getElement(TestBase.java:120)
	at org.mindbenders.makemytrip.base.TestBase.clickElement(TestBase.java:129)
	at org.mindbenders.makemytrip.pages.LoginPage.userLogin(LoginPage.java:24)
	at org.mindbenders.makemytrip.MakeMyTrip.loginAdnVerify(MakeMyTrip.java:32)
... Removed 31 stack frames]]>
    </failure>
  </testcase> <!-- @BeforeTest loginAdnVerify -->
  <testcase classname="org.mindbenders.makemytrip.MakeMyTrip" name="bookHotel" time="0.002">
    <skipped/>
  </testcase> <!-- bookHotel -->
  <testcase classname="org.mindbenders.makemytrip.MakeMyTrip" name="travellerDetails" time="0.001">
    <skipped/>
  </testcase> <!-- travellerDetails -->
  <testcase classname="org.mindbenders.makemytrip.MakeMyTrip" name="verifyDetails" time="0.001">
    <skipped/>
  </testcase> <!-- verifyDetails -->
</testsuite> <!-- Testing -->
