<?xml version="1.0" encoding="UTF-8"?>
<!-- Generated by org.testng.reporters.JUnitXMLReporter -->
<testsuite hostname="Admins-MacBook-Pro.local" failures="0" tests="3" name="Testing" time="0.009" errors="0" timestamp="16 May 2021 10:51:11 GMT">
  <testcase classname="org.mindbenders.makemytrip.MakeMyTrip" name="@BeforeSuite setUp" time="0.0">
    <failure type="java.lang.IllegalStateException" message="The driver is not executable: /Users/Shiva.P/Desktop/MindBenders_HeadSpin_Hackathon/drivers/chromedriver">
      <![CDATA[java.lang.IllegalStateException: The driver is not executable: /Users/Shiva.P/Desktop/MindBenders_HeadSpin_Hackathon/drivers/chromedriver
	at com.google.common.base.Preconditions.checkState(Preconditions.java:585)
	at org.openqa.selenium.remote.service.DriverService.checkExecutable(DriverService.java:150)
	at org.openqa.selenium.remote.service.DriverService.findExecutable(DriverService.java:141)
	at org.openqa.selenium.chrome.ChromeDriverService.access$000(ChromeDriverService.java:35)
	at org.openqa.selenium.chrome.ChromeDriverService$Builder.findDefaultExecutable(ChromeDriverService.java:159)
	at org.openqa.selenium.remote.service.DriverService$Builder.build(DriverService.java:355)
	at org.openqa.selenium.chrome.ChromeDriverService.createDefaultService(ChromeDriverService.java:94)
	at org.openqa.selenium.chrome.ChromeDriver.<init>(ChromeDriver.java:157)
	at org.mindbenders.makemytrip.base.TestBase.getDriver(TestBase.java:88)
	at org.mindbenders.makemytrip.base.TestBase.init(TestBase.java:64)
	at org.mindbenders.makemytrip.MakeMyTrip.setUp(MakeMyTrip.java:23)
	at org.apache.maven.surefire.testng.TestNGExecutor.run(TestNGExecutor.java:281)
	at org.apache.maven.surefire.testng.TestNGXmlTestSuite.execute(TestNGXmlTestSuite.java:75)
	at org.apache.maven.surefire.testng.TestNGProvider.invoke(TestNGProvider.java:121)
	at org.apache.maven.surefire.booter.ForkedBooter.invokeProviderInSameClassLoader(ForkedBooter.java:290)
	at org.apache.maven.surefire.booter.ForkedBooter.runSuitesInProcess(ForkedBooter.java:242)
	at org.apache.maven.surefire.booter.ForkedBooter.main(ForkedBooter.java:121)
... Removed 15 stack frames]]>
    </failure>
  </testcase> <!-- @BeforeSuite setUp -->
  <testcase classname="org.mindbenders.makemytrip.MakeMyTrip" name="@BeforeTest loginAdnVerify" time="0.0">
    <skipped/>
  </testcase> <!-- @BeforeTest loginAdnVerify -->
  <testcase classname="org.mindbenders.makemytrip.MakeMyTrip" name="bookHotel" time="0.0">
    <skipped/>
  </testcase> <!-- bookHotel -->
  <testcase classname="org.mindbenders.makemytrip.MakeMyTrip" name="travellerDetails" time="0.0">
    <skipped/>
  </testcase> <!-- travellerDetails -->
  <testcase classname="org.mindbenders.makemytrip.MakeMyTrip" name="verifyDetails" time="0.0">
    <skipped/>
  </testcase> <!-- verifyDetails -->
</testsuite> <!-- Testing -->
